<?xml version="1.0" encoding="UTF-8"?>
<!-- Generated by org.testng.reporters.JUnitReportReporter -->
<testsuite hostname="Sadguru" failures="0" tests="2" name="runner.TestRunner" time="14.604" errors="1" timestamp="2026-09-10T21:30:19 IST" skipped="0">
  <testcase classname="runner.TestRunner" name="runScenario" time="9.093"/>
  <system-out/>
  <testcase classname="runner.TestRunner" name="runScenario" time="5.511">
    <error message="Cannot invoke &quot;openCart.UpdateProfilePage.clickViewProfileButton()&quot; because &quot;this.updateProfilePage&quot; is null" type="java.lang.NullPointerException">
      <![CDATA[java.lang.NullPointerException: Cannot invoke "openCart.UpdateProfilePage.clickViewProfileButton()" because "this.updateProfilePage" is null
at stepdefinitions.updateProfileStepDef.i_click_on_update_profile_button(updateProfileStepDef.java:17)
at ✽.I click on update profile button(file:///C:/Users/patan/git/repository/openCart/src/test/resources/Features/loginPage.feature:14)
]]>
    </error>
  </testcase> <!-- runScenario -->
  <system-out/>
</testsuite> <!-- runner.TestRunner -->
