<?xml version="1.0" encoding="UTF-8"?>
<!-- Generated by org.testng.reporters.JUnitXMLReporter -->
<testsuite ignored="0" hostname="Sadguru" failures="1" tests="2" name="Login Page Test" time="16.93" errors="0" timestamp="2026-09-10T21:30:19 IST">
  <testcase classname="io.cucumber.testng.AbstractTestNGCucumberTests" name="runScenario" time="9.093"/>
  <testcase classname="io.cucumber.testng.AbstractTestNGCucumberTests" name="runScenario" time="5.511">
    <failure type="java.lang.NullPointerException" message="Cannot invoke &amp;quot;openCart.UpdateProfilePage.clickViewProfileButton()&amp;quot; because &amp;quot;this.updateProfilePage&amp;quot; is null">
      <![CDATA[java.lang.NullPointerException: Cannot invoke "openCart.UpdateProfilePage.clickViewProfileButton()" because "this.updateProfilePage" is null
at stepdefinitions.updateProfileStepDef.i_click_on_update_profile_button(updateProfileStepDef.java:17)
at ✽.I click on update profile button(file:///C:/Users/patan/git/repository/openCart/src/test/resources/Features/loginPage.feature:14)
]]>
    </failure>
  </testcase> <!-- runScenario -->
</testsuite> <!-- Login Page Test -->
