<?xml version="1.0" encoding="UTF-8"?>
<testng-results ignored="0" total="2" passed="1" failed="1" skipped="0">
  <reporter-output>
  </reporter-output>
  <suite started-at="2026-09-10T21:30:02 IST" name="openCart parallel Test" finished-at="2026-09-10T21:30:19 IST" duration-ms="16930">
    <groups>
      <group name="cucumber">
        <method signature="AbstractTestNGCucumberTests.runScenario(io.cucumber.testng.PickleWrapper,io.cucumber.testng.FeatureWrapper)[pri:0, instance:runner.TestRunner@36b4fe2a]" name="runScenario" class="io.cucumber.testng.AbstractTestNGCucumberTests"/>
      </group> <!-- cucumber -->
    </groups>
    <test started-at="2026-09-10T21:30:02 IST" name="Login Page Test" finished-at="2026-09-10T21:30:19 IST" duration-ms="16930">
      <class name="runner.TestRunner">
        <test-method is-config="true" signature="setUpClass(org.testng.ITestContext)[pri:0, instance:runner.TestRunner@36b4fe2a]" started-at="2026-09-10T21:30:02 IST" name="setUpClass" finished-at="2026-09-10T21:30:03 IST" duration-ms="496" status="PASS">
          <params>
            <param index="0">
              <value>
                <![CDATA[org.testng.TestRunner@1ed6388a]]>
              </value>
            </param>
          </params>
          <reporter-output>
          </reporter-output>
        </test-method> <!-- setUpClass -->
        <test-method signature="runScenario(io.cucumber.testng.PickleWrapper,io.cucumber.testng.FeatureWrapper)[pri:0, instance:runner.TestRunner@36b4fe2a]" started-at="2026-09-10T21:30:03 IST" name="runScenario" description="Runs Cucumber Scenarios" data-provider="scenarios" finished-at="2026-09-10T21:30:12 IST" duration-ms="9093" status="PASS">
          <params>
            <param index="0">
              <value>
                <![CDATA["Successful login with valid credentials"]]>
              </value>
            </param>
            <param index="1">
              <value>
                <![CDATA["Login functionality for E-commerce Application"]]>
              </value>
            </param>
          </params>
          <reporter-output>
          </reporter-output>
        </test-method> <!-- runScenario -->
        <test-method signature="runScenario(io.cucumber.testng.PickleWrapper,io.cucumber.testng.FeatureWrapper)[pri:0, instance:runner.TestRunner@36b4fe2a]" started-at="2026-09-10T21:30:12 IST" name="runScenario" description="Runs Cucumber Scenarios" data-provider="scenarios" finished-at="2026-09-10T21:30:17 IST" duration-ms="5511" status="FAIL">
          <params>
            <param index="0">
              <value>
                <![CDATA["Update profile summary"]]>
              </value>
            </param>
            <param index="1">
              <value>
                <![CDATA["Login functionality for E-commerce Application"]]>
              </value>
            </param>
          </params>
          <exception class="java.lang.NullPointerException">
            <message>
              <![CDATA[Cannot invoke "openCart.UpdateProfilePage.clickViewProfileButton()" because "this.updateProfilePage" is null]]>
            </message>
            <full-stacktrace>
              <![CDATA[java.lang.NullPointerException: Cannot invoke "openCart.UpdateProfilePage.clickViewProfileButton()" because "this.updateProfilePage" is null
at stepdefinitions.updateProfileStepDef.i_click_on_update_profile_button(updateProfileStepDef.java:17)
at ✽.I click on update profile button(file:///C:/Users/patan/git/repository/openCart/src/test/resources/Features/loginPage.feature:14)
]]>
            </full-stacktrace>
          </exception> <!-- java.lang.NullPointerException -->
          <reporter-output>
          </reporter-output>
        </test-method> <!-- runScenario -->
        <test-method is-config="true" signature="tearDownClass()[pri:0, instance:runner.TestRunner@36b4fe2a]" started-at="2026-09-10T21:30:17 IST" name="tearDownClass" finished-at="2026-09-10T21:30:19 IST" duration-ms="1779" status="PASS">
          <reporter-output>
          </reporter-output>
        </test-method> <!-- tearDownClass -->
      </class> <!-- runner.TestRunner -->
    </test> <!-- Login Page Test -->
  </suite> <!-- openCart parallel Test -->
</testng-results>
